I1
I1
<class 'list'>
I1
<class 'str'>
I1
<class 'str'>
I1
<class 'str'>
I1
<class 'str'>
I1
<class 'str'>
I1
<class 'str'>
I1
<class 'str'>
I1
<class 'str'>
I1
<class 'str'>
I1
<class 'str'>
I1
<class 'str'>
I1
<class 'str'>
I1
<class 'str'>
I1
<class 'str'>
I1
<class 'str'>
I1
<class 'str'>
I1
<class 'str'>
I1
<class 'str'>
L1
L1
<class 'str'>
L1
<class 'str'>
L1
<class 'str'>
L1
<class 'str'>
L1
<class 'str'>
L1
<class 'str'>
L1
<class 'str'>
L1
<class 'str'>
L1
<class 'str'>
L1
<class 'str'>
L1
<class 'str'>
L1
<class 'str'>
L1
<class 'str'>
L1
<class 'str'>
L1
<class 'str'>
L1
<class 'str'>
L1
<class 'str'>
L1
<class 'str'>
L1
<class 'str'>
I2
I2
<class 'str'>
I2
<class 'str'>
I2
<class 'str'>
I2
<class 'str'>
I2
<class 'str'>
I2
<class 'str'>
I2
<class 'str'>
I2
<class 'str'>
I2
<class 'str'>
I2
<class 'str'>
I2
<class 'str'>
I2
<class 'str'>
I2
<class 'str'>
I2
<class 'str'>
I2
<class 'str'>
I2
<class 'str'>
I2
<class 'str'>
I2
<class 'str'>
I2
<class 'str'>
I3
I3
<class 'str'>
I3
<class 'str'>
I3
<class 'str'>
I3
<class 'str'>
I3
<class 'str'>
I3
<class 'str'>
I3
<class 'str'>
I3
<class 'str'>
I3
<class 'str'>
I3
<class 'str'>
I3
<class 'str'>
I3
<class 'str'>
I3
<class 'str'>
I3
<class 'str'>
I3
<class 'str'>
I3
<class 'str'>
I3
<class 'str'>
I3
<class 'str'>
I3
<class 'str'>
I4
I4
<class 'str'>
I4
<class 'str'>
I4
<class 'str'>
I4
<class 'str'>
I4
<class 'str'>
I4
<class 'str'>
I4
<class 'str'>
I4
<class 'str'>
I4
<class 'str'>
I4
<class 'str'>
I4
<class 'str'>
I4
<class 'str'>
I4
<class 'str'>
I4
<class 'str'>
I4
<class 'str'>
I4
<class 'str'>
I4
<class 'str'>
I4
<class 'str'>
I4
<class 'str'>
L2
L2
<class 'str'>
L2
<class 'str'>
L2
<class 'str'>
L2
<class 'str'>
L2
<class 'str'>
L2
<class 'str'>
L2
<class 'str'>
L2
<class 'str'>
L2
<class 'str'>
L2
<class 'str'>
L2
<class 'str'>
L2
<class 'str'>
L2
<class 'str'>
L2
<class 'str'>
L2
<class 'str'>
L2
<class 'str'>
L2
<class 'str'>
L2
<class 'str'>
L2
<class 'str'>
I5
I5
<class 'str'>
I5
<class 'str'>
I5
<class 'str'>
I5
<class 'str'>
I5
<class 'str'>
I5
<class 'str'>
I5
<class 'str'>
I5
<class 'str'>
I5
<class 'str'>
I5
<class 'str'>
I5
<class 'str'>
I5
<class 'str'>
I5
<class 'str'>
I5
<class 'str'>
I5
<class 'str'>
I5
<class 'str'>
I5
<class 'str'>
I5
<class 'str'>
I5
<class 'str'>
L3
L3
<class 'str'>
L3
<class 'str'>
L3
<class 'str'>
L3
<class 'str'>
L3
<class 'str'>
L3
<class 'str'>
L3
<class 'str'>
L3
<class 'str'>
L3
<class 'str'>
L3
<class 'str'>
L3
<class 'str'>
L3
<class 'str'>
L3
<class 'str'>
L3
<class 'str'>
L3
<class 'str'>
L3
<class 'str'>
L3
<class 'str'>
L3
<class 'str'>
L3
<class 'str'>
L4
L4
<class 'str'>
L4
<class 'str'>
L4
<class 'str'>
L4
<class 'str'>
L4
<class 'str'>
L4
<class 'str'>
L4
<class 'str'>
L4
<class 'str'>
L4
<class 'str'>
L4
<class 'str'>
L4
<class 'str'>
L4
<class 'str'>
L4
<class 'str'>
L4
<class 'str'>
L4
<class 'str'>
L4
<class 'str'>
L4
<class 'str'>
L4
<class 'str'>
L4
<class 'str'>
I6
I6
<class 'str'>
I6
<class 'str'>
I6
<class 'str'>
I6
<class 'str'>
I6
<class 'str'>
I6
<class 'str'>
I6
<class 'str'>
I6
<class 'str'>
I6
<class 'str'>
I6
<class 'str'>
I6
<class 'str'>
I6
<class 'str'>
I6
<class 'str'>
I6
<class 'str'>
I6
<class 'str'>
I6
<class 'str'>
I6
<class 'str'>
I6
<class 'str'>
I6
<class 'str'>
I7
I7
<class 'str'>
I7
<class 'str'>
I7
<class 'str'>
I7
<class 'str'>
I7
<class 'str'>
I7
<class 'str'>
I7
<class 'str'>
I7
<class 'str'>
I7
<class 'str'>
I7
<class 'str'>
I7
<class 'str'>
I7
<class 'str'>
I7
<class 'str'>
I7
<class 'str'>
I7
<class 'str'>
I7
<class 'str'>
I7
<class 'str'>
I7
<class 'str'>
I7
<class 'str'>
L5
L5
<class 'str'>
L5
<class 'str'>
L5
<class 'str'>
L5
<class 'str'>
L5
<class 'str'>
L5
<class 'str'>
L5
<class 'str'>
L5
<class 'str'>
L5
<class 'str'>
L5
<class 'str'>
L5
<class 'str'>
L5
<class 'str'>
L5
<class 'str'>
L5
<class 'str'>
L5
<class 'str'>
L5
<class 'str'>
L5
<class 'str'>
L5
<class 'str'>
L5
<class 'str'>
L6
L6
<class 'str'>
L6
<class 'str'>
L6
<class 'str'>
L6
<class 'str'>
L6
<class 'str'>
L6
<class 'str'>
L6
<class 'str'>
L6
<class 'str'>
L6
<class 'str'>
L6
<class 'str'>
L6
<class 'str'>
L6
<class 'str'>
L6
<class 'str'>
L6
<class 'str'>
L6
<class 'str'>
L6
<class 'str'>
L6
<class 'str'>
L6
<class 'str'>
L6
<class 'str'>
I8
I8
<class 'str'>
I8
<class 'str'>
I8
<class 'str'>
I8
<class 'str'>
I8
<class 'str'>
I8
<class 'str'>
I8
<class 'str'>
I8
<class 'str'>
I8
<class 'str'>
I8
<class 'str'>
I8
<class 'str'>
I8
<class 'str'>
I8
<class 'str'>
I8
<class 'str'>
I8
<class 'str'>
I8
<class 'str'>
I8
<class 'str'>
I8
<class 'str'>
I8
<class 'str'>
I9
I9
<class 'str'>
I9
<class 'str'>
I9
<class 'str'>
I9
<class 'str'>
I9
<class 'str'>
I9
<class 'str'>
I9
<class 'str'>
I9
<class 'str'>
I9
<class 'str'>
I9
<class 'str'>
I9
<class 'str'>
I9
<class 'str'>
I9
<class 'str'>
I9
<class 'str'>
I9
<class 'str'>
I9
<class 'str'>
I9
<class 'str'>
I9
<class 'str'>
I9
<class 'str'>
L7
L7
<class 'str'>
L7
<class 'str'>
L7
<class 'str'>
L7
<class 'str'>
L7
<class 'str'>
L7
<class 'str'>
L7
<class 'str'>
L7
<class 'str'>
L7
<class 'str'>
L7
<class 'str'>
L7
<class 'str'>
L7
<class 'str'>
L7
<class 'str'>
L7
<class 'str'>
L7
<class 'str'>
L7
<class 'str'>
L7
<class 'str'>
L7
<class 'str'>
L7
<class 'str'>
L8
L8
<class 'str'>
L8
<class 'str'>
L8
<class 'str'>
L8
<class 'str'>
L8
<class 'str'>
L8
<class 'str'>
L8
<class 'str'>
L8
<class 'str'>
L8
<class 'str'>
L8
<class 'str'>
L8
<class 'str'>
L8
<class 'str'>
L8
<class 'str'>
L8
<class 'str'>
L8
<class 'str'>
L8
<class 'str'>
L8
<class 'str'>
L8
<class 'str'>
L8
<class 'str'>
L9
L9
<class 'str'>
L9
<class 'str'>
L9
<class 'str'>
L9
<class 'str'>
L9
<class 'str'>
L9
<class 'str'>
L9
<class 'str'>
L9
<class 'str'>
L9
<class 'str'>
L9
<class 'str'>
L9
<class 'str'>
L9
<class 'str'>
L9
<class 'str'>
L9
<class 'str'>
L9
<class 'str'>
L9
<class 'str'>
L9
<class 'str'>
L9
<class 'str'>
L9
<class 'str'>
L10
L10
<class 'str'>
L10
<class 'str'>
L10
<class 'str'>
L10
<class 'str'>
L10
<class 'str'>
L10
<class 'str'>
L10
<class 'str'>
L10
<class 'str'>
L10
<class 'str'>
L10
<class 'str'>
L10
<class 'str'>
L10
<class 'str'>
L10
<class 'str'>
L10
<class 'str'>
L10
<class 'str'>
L10
<class 'str'>
L10
<class 'str'>
L10
<class 'str'>
L10
<class 'str'>
{'I1': {'I1': 'test', 'L1': 'test', 'I2': 'test', 'I3': 'test', 'I4': 'test', 'L2': 'test', 'I5': 'test', 'L3': 'test', 'L4': 'test', 'I6': 'test', 'I7': 'test', 'L5': 'test', 'L6': 'test', 'I8': 'test', 'I9': 'test', 'L7': 'test', 'L8': 'test', 'L9': 'test', 'L10': 'L10'}, 'L1': {'I1': 'test', 'L1': 'test', 'I2': 'test', 'I3': 'test', 'I4': 'test', 'L2': 'test', 'I5': 'test', 'L3': 'test', 'L4': 'test', 'I6': 'test', 'I7': 'test', 'L5': 'test', 'L6': 'test', 'I8': 'test', 'I9': 'test', 'L7': 'test', 'L8': 'test', 'L9': 'test', 'L10': 'L10'}, 'I2': {'I1': 'test', 'L1': 'test', 'I2': 'test', 'I3': 'test', 'I4': 'test', 'L2': 'test', 'I5': 'test', 'L3': 'test', 'L4': 'test', 'I6': 'test', 'I7': 'test', 'L5': 'test', 'L6': 'test', 'I8': 'test', 'I9': 'test', 'L7': 'test', 'L8': 'test', 'L9': 'test', 'L10': 'L10'}, 'I3': {'I1': 'test', 'L1': 'test', 'I2': 'test', 'I3': 'test', 'I4': 'test', 'L2': 'test', 'I5': 'test', 'L3': 'test', 'L4': 'test', 'I6': 'test', 'I7': 'test', 'L5': 'test', 'L6': 'test', 'I8': 'test', 'I9': 'test', 'L7': 'test', 'L8': 'test', 'L9': 'test', 'L10': 'L10'}, 'I4': {'I1': 'test', 'L1': 'test', 'I2': 'test', 'I3': 'test', 'I4': 'test', 'L2': 'test', 'I5': 'test', 'L3': 'test', 'L4': 'test', 'I6': 'test', 'I7': 'test', 'L5': 'test', 'L6': 'test', 'I8': 'test', 'I9': 'test', 'L7': 'test', 'L8': 'test', 'L9': 'test', 'L10': 'L10'}, 'L2': {'I1': 'test', 'L1': 'test', 'I2': 'test', 'I3': 'test', 'I4': 'test', 'L2': 'test', 'I5': 'test', 'L3': 'test', 'L4': 'test', 'I6': 'test', 'I7': 'test', 'L5': 'test', 'L6': 'test', 'I8': 'test', 'I9': 'test', 'L7': 'test', 'L8': 'test', 'L9': 'test', 'L10': 'L10'}, 'I5': {'I1': 'test', 'L1': 'test', 'I2': 'test', 'I3': 'test', 'I4': 'test', 'L2': 'test', 'I5': 'test', 'L3': 'test', 'L4': 'test', 'I6': 'test', 'I7': 'test', 'L5': 'test', 'L6': 'test', 'I8': 'test', 'I9': 'test', 'L7': 'test', 'L8': 'test', 'L9': 'test', 'L10': 'L10'}, 'L3': {'I1': 'test', 'L1': 'test', 'I2': 'test', 'I3': 'test', 'I4': 'test', 'L2': 'test', 'I5': 'test', 'L3': 'test', 'L4': 'test', 'I6': 'test', 'I7': 'test', 'L5': 'test', 'L6': 'test', 'I8': 'test', 'I9': 'test', 'L7': 'test', 'L8': 'test', 'L9': 'test', 'L10': 'L10'}, 'L4': {'I1': 'test', 'L1': 'test', 'I2': 'test', 'I3': 'test', 'I4': 'test', 'L2': 'test', 'I5': 'test', 'L3': 'test', 'L4': 'test', 'I6': 'test', 'I7': 'test', 'L5': 'test', 'L6': 'test', 'I8': 'test', 'I9': 'test', 'L7': 'test', 'L8': 'test', 'L9': 'test', 'L10': 'L10'}, 'I6': {'I1': 'test', 'L1': 'test', 'I2': 'test', 'I3': 'test', 'I4': 'test', 'L2': 'test', 'I5': 'test', 'L3': 'test', 'L4': 'test', 'I6': 'test', 'I7': 'test', 'L5': 'test', 'L6': 'test', 'I8': 'test', 'I9': 'test', 'L7': 'test', 'L8': 'test', 'L9': 'test', 'L10': 'L10'}, 'I7': {'I1': 'test', 'L1': 'test', 'I2': 'test', 'I3': 'test', 'I4': 'test', 'L2': 'test', 'I5': 'test', 'L3': 'test', 'L4': 'test', 'I6': 'test', 'I7': 'test', 'L5': 'test', 'L6': 'test', 'I8': 'test', 'I9': 'test', 'L7': 'test', 'L8': 'test', 'L9': 'test', 'L10': 'L10'}, 'L5': {'I1': 'test', 'L1': 'test', 'I2': 'test', 'I3': 'test', 'I4': 'test', 'L2': 'test', 'I5': 'test', 'L3': 'test', 'L4': 'test', 'I6': 'test', 'I7': 'test', 'L5': 'test', 'L6': 'test', 'I8': 'test', 'I9': 'test', 'L7': 'test', 'L8': 'test', 'L9': 'test', 'L10': 'L10'}, 'L6': {'I1': 'test', 'L1': 'test', 'I2': 'test', 'I3': 'test', 'I4': 'test', 'L2': 'test', 'I5': 'test', 'L3': 'test', 'L4': 'test', 'I6': 'test', 'I7': 'test', 'L5': 'test', 'L6': 'test', 'I8': 'test', 'I9': 'test', 'L7': 'test', 'L8': 'test', 'L9': 'test', 'L10': 'L10'}, 'I8': {'I1': 'test', 'L1': 'test', 'I2': 'test', 'I3': 'test', 'I4': 'test', 'L2': 'test', 'I5': 'test', 'L3': 'test', 'L4': 'test', 'I6': 'test', 'I7': 'test', 'L5': 'test', 'L6': 'test', 'I8': 'test', 'I9': 'test', 'L7': 'test', 'L8': 'test', 'L9': 'test', 'L10': 'L10'}, 'I9': {'I1': 'test', 'L1': 'test', 'I2': 'test', 'I3': 'test', 'I4': 'test', 'L2': 'test', 'I5': 'test', 'L3': 'test', 'L4': 'test', 'I6': 'test', 'I7': 'test', 'L5': 'test', 'L6': 'test', 'I8': 'test', 'I9': 'test', 'L7': 'test', 'L8': 'test', 'L9': 'test', 'L10': 'L10'}, 'L7': {'I1': 'test', 'L1': 'test', 'I2': 'test', 'I3': 'test', 'I4': 'test', 'L2': 'test', 'I5': 'test', 'L3': 'test', 'L4': 'test', 'I6': 'test', 'I7': 'test', 'L5': 'test', 'L6': 'test', 'I8': 'test', 'I9': 'test', 'L7': 'test', 'L8': 'test', 'L9': 'test', 'L10': 'L10'}, 'L8': {'I1': 'test', 'L1': 'test', 'I2': 'test', 'I3': 'test', 'I4': 'test', 'L2': 'test', 'I5': 'test', 'L3': 'test', 'L4': 'test', 'I6': 'test', 'I7': 'test', 'L5': 'test', 'L6': 'test', 'I8': 'test', 'I9': 'test', 'L7': 'test', 'L8': 'test', 'L9': 'test', 'L10': 'L10'}, 'L9': {'I1': 'test', 'L1': 'test', 'I2': 'test', 'I3': 'test', 'I4': 'test', 'L2': 'test', 'I5': 'test', 'L3': 'test', 'L4': 'test', 'I6': 'test', 'I7': 'test', 'L5': 'test', 'L6': 'test', 'I8': 'test', 'I9': 'test', 'L7': 'test', 'L8': 'test', 'L9': 'test', 'L10': 'L10'}, 'L10': {'I1': 'test', 'L1': 'test', 'I2': 'test', 'I3': 'test', 'I4': 'test', 'L2': 'test', 'I5': 'test', 'L3': 'test', 'L4': 'test', 'I6': 'test', 'I7': 'test', 'L5': 'test', 'L6': 'test', 'I8': 'test', 'I9': 'test', 'L7': 'test', 'L8': 'test', 'L9': 'test', 'L10': 'L10'}}
